{}
{"dir":"/Users/apple/Downloads/file-monitor"}
{"port":"8080"}
{}
{"error":"lstat /Users/macbobbychibuzor/Engineering/Hackathons/sapling-finance-backend: no such file or directory"}
{"error":"lstat /Users/macbobbychibuzor/Engineering/Hackathons/sapling-finance-backend: no such file or directory"}
{}
{"error":"lstat /Users/macbobbychibuzor/Engineering/Hackathons/sapling-finance-backend: no such file or directory"}
{"error":"lstat /Users/macbobbychibuzor/Engineering/Hackathons/sapling-finance-backend: no such file or directory"}
{}
{"error":"lstat /Users/macbobbychibuzor/Engineering/Hackathons/sapling-finance-backend: no such file or directory"}
{"error":"lstat /Users/macbobbychibuzor/Engineering/Hackathons/sapling-finance-backend: no such file or directory"}
{}
{"error":"lstat /Users/macbobbychibuzor/Engineering/Hackathons/sapling-finance-backend: no such file or directory"}
{"error":"lstat /Users/macbobbychibuzor/Engineering/Hackathons/sapling-finance-backend: no such file or directory"}
{}
{"error":"lstat /Users/macbobbychibuzor/Engineering/Hackathons/sapling-finance-backend: no such file or directory"}
{"error":"lstat /Users/macbobbychibuzor/Engineering/Hackathons/sapling-finance-backend: no such file or directory"}
{}
{"error":"lstat /Users/macbobbychibuzor/Engineering/Hackathons/sapling-finance-backend: no such file or directory"}
{"error":"lstat /Users/macbobbychibuzor/Engineering/Hackathons/sapling-finance-backend: no such file or directory"}
{}
{"error":"lstat /Users/macbobbychibuzor/Engineering/Hackathons/sapling-finance-backend: no such file or directory"}
{"error":"lstat /Users/macbobbychibuzor/Engineering/Hackathons/sapling-finance-backend: no such file or directory"}
{}
{"error":"lstat /Users/macbobbychibuzor/Engineering/Hackathons/sapling-finance-backend: no such file or directory"}
{"error":"lstat /Users/macbobbychibuzor/Engineering/Hackathons/sapling-finance-backend: no such file or directory"}
{}
{"error":"lstat /Users/macbobbychibuzor/Engineering/Hackathons/sapling-finance-backend: no such file or directory"}
{"error":"lstat /Users/macbobbychibuzor/Engineering/Hackathons/sapling-finance-backend: no such file or directory"}
{}
{"error":"lstat /Users/macbobbychibuzor/Engineering/Hackathons/sapling-finance-backend: no such file or directory"}
{"error":"lstat /Users/macbobbychibuzor/Engineering/Hackathons/sapling-finance-backend: no such file or directory"}
{}
{"error":"lstat /Users/macbobbychibuzor/Engineering/Hackathons/sapling-finance-backend: no such file or directory"}
{"error":"lstat /Users/macbobbychibuzor/Engineering/Hackathons/sapling-finance-backend: no such file or directory"}
{}
{"error":"lstat /Users/macbobbychibuzor/Engineering/Hackathons/sapling-finance-backend: no such file or directory"}
{"error":"lstat /Users/macbobbychibuzor/Engineering/Hackathons/sapling-finance-backend: no such file or directory"}
{}
{"error":"lstat /Users/macbobbychibuzor/Engineering/Hackathons/sapling-finance-backend: no such file or directory"}
{"error":"lstat /Users/macbobbychibuzor/Engineering/Hackathons/sapling-finance-backend: no such file or directory"}
{}
{"error":"lstat /Users/macbobbychibuzor/Engineering/Hackathons/sapling-finance-backend: no such file or directory"}
{"error":"lstat /Users/macbobbychibuzor/Engineering/Hackathons/sapling-finance-backend: no such file or directory"}
{}
{"error":"lstat /Users/macbobbychibuzor/Engineering/Hackathons/sapling-finance-backend: no such file or directory"}
{"error":"lstat /Users/macbobbychibuzor/Engineering/Hackathons/sapling-finance-backend: no such file or directory"}
{}
{"error":"lstat /Users/macbobbychibuzor/Engineering/Hackathons/sapling-finance-backend: no such file or directory"}
{"error":"lstat /Users/macbobbychibuzor/Engineering/Hackathons/sapling-finance-backend: no such file or directory"}
{}
{"error":"lstat /Users/macbobbychibuzor/Engineering/Hackathons/sapling-finance-backend: no such file or directory"}
{"error":"lstat /Users/macbobbychibuzor/Engineering/Hackathons/sapling-finance-backend: no such file or directory"}
{}
{"error":"lstat /Users/macbobbychibuzor/Engineering/Hackathons/sapling-finance-backend: no such file or directory"}
{"error":"lstat /Users/macbobbychibuzor/Engineering/Hackathons/sapling-finance-backend: no such file or directory"}
{}
{"error":"lstat /Users/macbobbychibuzor/Engineering/Hackathons/sapling-finance-backend: no such file or directory"}
{"error":"lstat /Users/macbobbychibuzor/Engineering/Hackathons/sapling-finance-backend: no such file or directory"}
{}
{"error":"lstat /Users/macbobbychibuzor/Engineering/Hackathons/sapling-finance-backend: no such file or directory"}
{"error":"lstat /Users/macbobbychibuzor/Engineering/Hackathons/sapling-finance-backend: no such file or directory"}
{}
{"error":"lstat /Users/macbobbychibuzor/Engineering/Hackathons/sapling-finance-backend: no such file or directory"}
{"error":"lstat /Users/macbobbychibuzor/Engineering/Hackathons/sapling-finance-backend: no such file or directory"}
{}
{"error":"lstat /Users/macbobbychibuzor/Engineering/Hackathons/sapling-finance-backend: no such file or directory"}
{"error":"lstat /Users/macbobbychibuzor/Engineering/Hackathons/sapling-finance-backend: no such file or directory"}
{}
{"error":"lstat /Users/macbobbychibuzor/Engineering/Hackathons/sapling-finance-backend: no such file or directory"}
{"error":"lstat /Users/macbobbychibuzor/Engineering/Hackathons/sapling-finance-backend: no such file or directory"}
{}
{"error":"lstat /Users/macbobbychibuzor/Engineering/Hackathons/sapling-finance-backend: no such file or directory"}
{"error":"lstat /Users/macbobbychibuzor/Engineering/Hackathons/sapling-finance-backend: no such file or directory"}
{}
{"error":"lstat /Users/macbobbychibuzor/Engineering/Hackathons/sapling-finance-backend: no such file or directory"}
{"error":"lstat /Users/macbobbychibuzor/Engineering/Hackathons/sapling-finance-backend: no such file or directory"}
{}
{"error":"lstat /Users/macbobbychibuzor/Engineering/Hackathons/sapling-finance-backend: no such file or directory"}
{"error":"lstat /Users/macbobbychibuzor/Engineering/Hackathons/sapling-finance-backend: no such file or directory"}
{}
{"error":"lstat /Users/macbobbychibuzor/Engineering/Hackathons/sapling-finance-backend: no such file or directory"}
{"error":"lstat /Users/macbobbychibuzor/Engineering/Hackathons/sapling-finance-backend: no such file or directory"}
{}
{"error":"lstat /Users/macbobbychibuzor/Engineering/Hackathons/sapling-finance-backend: no such file or directory"}
{"error":"lstat /Users/macbobbychibuzor/Engineering/Hackathons/sapling-finance-backend: no such file or directory"}
{}
{"error":"lstat /Users/macbobbychibuzor/Engineering/Hackathons/sapling-finance-backend: no such file or directory"}
{"error":"lstat /Users/macbobbychibuzor/Engineering/Hackathons/sapling-finance-backend: no such file or directory"}
{}
{"error":"lstat /Users/macbobbychibuzor/Engineering/Hackathons/sapling-finance-backend: no such file or directory"}
{"error":"lstat /Users/macbobbychibuzor/Engineering/Hackathons/sapling-finance-backend: no such file or directory"}
{}
{"error":"lstat /Users/macbobbychibuzor/Engineering/Hackathons/sapling-finance-backend: no such file or directory"}
{"error":"lstat /Users/macbobbychibuzor/Engineering/Hackathons/sapling-finance-backend: no such file or directory"}
{}
{"error":"lstat /Users/macbobbychibuzor/Engineering/Hackathons/sapling-finance-backend: no such file or directory"}
{"error":"lstat /Users/macbobbychibuzor/Engineering/Hackathons/sapling-finance-backend: no such file or directory"}
{}
{"error":"lstat /Users/macbobbychibuzor/Engineering/Hackathons/sapling-finance-backend: no such file or directory"}
{"error":"lstat /Users/macbobbychibuzor/Engineering/Hackathons/sapling-finance-backend: no such file or directory"}
{}
{"error":"lstat /Users/macbobbychibuzor/Engineering/Hackathons/sapling-finance-backend: no such file or directory"}
{"error":"lstat /Users/macbobbychibuzor/Engineering/Hackathons/sapling-finance-backend: no such file or directory"}
{}
{"dir":"/Users/apple/Downloads/file-monitor"}
{"port":""}
{}
{"error":"lstat : no such file or directory"}
{"error":"lstat : no such file or directory"}
{}
{"error":"lstat : no such file or directory"}
{"error":"lstat : no such file or directory"}
{}
{"error":"lstat : no such file or directory"}
{"error":"lstat : no such file or directory"}
{}
{"error":"lstat : no such file or directory"}
{"error":"lstat : no such file or directory"}
{}
{"error":"lstat : no such file or directory"}
{"error":"lstat : no such file or directory"}
{}
{"error":"lstat : no such file or directory"}
{"error":"lstat : no such file or directory"}
{}
{"error":"lstat : no such file or directory"}
{"error":"lstat : no such file or directory"}
{}
{"error":"lstat : no such file or directory"}
{"error":"lstat : no such file or directory"}
{}
{"error":"lstat : no such file or directory"}
{"error":"lstat : no such file or directory"}
{}
{"error":"lstat : no such file or directory"}
{"error":"lstat : no such file or directory"}
{}
{"error":"lstat : no such file or directory"}
{"error":"lstat : no such file or directory"}
{}
{"error":"lstat : no such file or directory"}
{"error":"lstat : no such file or directory"}
{}
{"error":"lstat : no such file or directory"}
{"error":"lstat : no such file or directory"}
{}
{"error":"lstat : no such file or directory"}
{"error":"lstat : no such file or directory"}
{}
{"error":"lstat : no such file or directory"}
{"error":"lstat : no such file or directory"}
{}
{"error":"lstat : no such file or directory"}
{"error":"lstat : no such file or directory"}
{}
{"error":"lstat : no such file or directory"}
{"error":"lstat : no such file or directory"}
{}
{"error":"lstat : no such file or directory"}
{"error":"lstat : no such file or directory"}
{}
{"error":"lstat : no such file or directory"}
{"error":"lstat : no such file or directory"}
{}
{"error":"lstat : no such file or directory"}
{"error":"lstat : no such file or directory"}
{}
{"error":"lstat : no such file or directory"}
{"error":"lstat : no such file or directory"}
{}
{"error":"lstat : no such file or directory"}
{"error":"lstat : no such file or directory"}
{}
{"error":"lstat : no such file or directory"}
{"error":"lstat : no such file or directory"}
{}
{"error":"lstat : no such file or directory"}
{"error":"lstat : no such file or directory"}
{}
{"error":"lstat : no such file or directory"}
{"error":"lstat : no such file or directory"}
{}
{"error":"lstat : no such file or directory"}
{"error":"lstat : no such file or directory"}
{}
{"error":"lstat : no such file or directory"}
{"error":"lstat : no such file or directory"}
{}
{"error":"lstat : no such file or directory"}
{"error":"lstat : no such file or directory"}
{}
{"error":"lstat : no such file or directory"}
{"error":"lstat : no such file or directory"}
{}
{"error":"lstat : no such file or directory"}
{"error":"lstat : no such file or directory"}
{}
{"error":"lstat : no such file or directory"}
{"error":"lstat : no such file or directory"}
{}
{"error":"lstat : no such file or directory"}
{"error":"lstat : no such file or directory"}
{}
{"error":"lstat : no such file or directory"}
{"error":"lstat : no such file or directory"}
{}
{"error":"lstat : no such file or directory"}
{"error":"lstat : no such file or directory"}
{}
{"error":"lstat : no such file or directory"}
{"error":"lstat : no such file or directory"}
{}
{"error":"lstat : no such file or directory"}
{"error":"lstat : no such file or directory"}
{}
{"error":"lstat : no such file or directory"}
{"error":"lstat : no such file or directory"}
{}
{"error":"lstat : no such file or directory"}
{"error":"lstat : no such file or directory"}
{}
{"error":"lstat : no such file or directory"}
{"error":"lstat : no such file or directory"}
{}
{"error":"lstat : no such file or directory"}
{"error":"lstat : no such file or directory"}
{}
{"error":"lstat : no such file or directory"}
{"error":"lstat : no such file or directory"}
{}
{"error":"lstat : no such file or directory"}
{"error":"lstat : no such file or directory"}
{}
{"error":"lstat : no such file or directory"}
{"error":"lstat : no such file or directory"}
{}
{"error":"lstat : no such file or directory"}
{"error":"lstat : no such file or directory"}
{}
{"error":"lstat : no such file or directory"}
{"error":"lstat : no such file or directory"}
{}
{"error":"lstat : no such file or directory"}
{"error":"lstat : no such file or directory"}
{}
{"error":"lstat : no such file or directory"}
{"error":"lstat : no such file or directory"}
{}
{"error":"lstat : no such file or directory"}
{"error":"lstat : no such file or directory"}
{}
{"error":"lstat : no such file or directory"}
{"error":"lstat : no such file or directory"}
{}
{"error":"lstat : no such file or directory"}
{"error":"lstat : no such file or directory"}
{}
{"error":"lstat : no such file or directory"}
{"error":"lstat : no such file or directory"}
{}
{"error":"lstat : no such file or directory"}
{"error":"lstat : no such file or directory"}
{}
{"error":"lstat : no such file or directory"}
{"error":"lstat : no such file or directory"}
{}
{"error":"lstat : no such file or directory"}
{"error":"lstat : no such file or directory"}
{}
{"error":"lstat : no such file or directory"}
{"error":"lstat : no such file or directory"}
{}
{"error":"lstat : no such file or directory"}
{"error":"lstat : no such file or directory"}
